<?xml version="1.0" encoding="UTF-8"?>
<coverage generated="1626181348860" clover="3.2.0">
  <project timestamp="1626181348861" name="All files">
    <metrics statements="87" coveredstatements="86" conditionals="12" coveredconditionals="9" methods="16" coveredmethods="16" elements="115" coveredelements="111" complexity="0" loc="87" ncloc="87" packages="2" files="4" classes="4"/>
    <package name="src">
      <metrics statements="82" coveredstatements="81" conditionals="12" coveredconditionals="9" methods="16" coveredmethods="16"/>
      <file name="TestSolver.js" path="C:\Users\Marcin\Documents\MARCIN\WebDev\Projekty\ASRS-App\ASRS-App\src\TestSolver.js">
        <metrics statements="82" coveredstatements="81" conditionals="12" coveredconditionals="9" methods="16" coveredmethods="16"/>
        <line num="48" count="8" type="stmt"/>
        <line num="49" count="8" type="stmt"/>
        <line num="51" count="8" type="stmt"/>
        <line num="52" count="8" type="stmt"/>
        <line num="55" count="8" type="stmt"/>
        <line num="56" count="8" type="stmt"/>
        <line num="57" count="8" type="stmt"/>
        <line num="58" count="8" type="stmt"/>
        <line num="65" count="8" type="stmt"/>
        <line num="68" count="1" type="stmt"/>
        <line num="72" count="93" type="stmt"/>
        <line num="73" count="93" type="stmt"/>
        <line num="74" count="93" type="stmt"/>
        <line num="76" count="93" type="stmt"/>
        <line num="77" count="93" type="stmt"/>
        <line num="78" count="1247" type="stmt"/>
        <line num="79" count="1247" type="stmt"/>
        <line num="80" count="1247" type="stmt"/>
        <line num="81" count="1247" type="stmt"/>
        <line num="83" count="1247" type="stmt"/>
        <line num="85" count="93" type="stmt"/>
        <line num="91" count="8" type="stmt"/>
        <line num="92" count="8" type="stmt"/>
        <line num="94" count="8" type="stmt"/>
        <line num="96" count="8" type="stmt"/>
        <line num="97" count="93" type="stmt"/>
        <line num="98" count="93" type="stmt"/>
        <line num="99" count="93" type="stmt"/>
        <line num="113" count="8" type="stmt"/>
        <line num="120" count="8" type="stmt"/>
        <line num="121" count="8" type="stmt"/>
        <line num="123" count="8" type="stmt"/>
        <line num="126" count="202" type="stmt"/>
        <line num="129" count="8" type="stmt"/>
        <line num="134" count="8" type="stmt"/>
        <line num="137" count="202" type="stmt"/>
        <line num="143" count="8" type="stmt"/>
        <line num="145" count="9" type="stmt"/>
        <line num="161" count="202" type="stmt"/>
        <line num="162" count="202" type="stmt"/>
        <line num="163" count="1880" type="stmt"/>
        <line num="164" count="1880" type="cond" truecount="2" falsecount="0"/>
        <line num="165" count="572" type="stmt"/>
        <line num="168" count="1308" type="cond" truecount="2" falsecount="0"/>
        <line num="169" count="202" type="stmt"/>
        <line num="172" count="1106" type="stmt"/>
        <line num="175" count="202" type="stmt"/>
        <line num="186" count="101" type="stmt"/>
        <line num="187" count="101" type="stmt"/>
        <line num="188" count="101" type="stmt"/>
        <line num="190" count="101" type="stmt"/>
        <line num="198" count="8" type="stmt"/>
        <line num="199" count="93" type="cond" truecount="1" falsecount="1"/>
        <line num="200" count="93" type="stmt"/>
        <line num="208" count="8" type="cond" truecount="1" falsecount="1"/>
        <line num="209" count="0" type="stmt"/>
        <line num="212" count="8" type="stmt"/>
        <line num="213" count="8" type="stmt"/>
        <line num="214" count="8" type="cond" truecount="2" falsecount="0"/>
        <line num="215" count="3" type="stmt"/>
        <line num="217" count="5" type="stmt"/>
        <line num="220" count="8" type="stmt"/>
        <line num="223" count="8" type="stmt"/>
        <line num="224" count="21" type="stmt"/>
        <line num="225" count="21" type="stmt"/>
        <line num="228" count="8" type="stmt"/>
        <line num="229" count="8" type="stmt"/>
        <line num="231" count="8" type="stmt"/>
        <line num="232" count="8" type="stmt"/>
        <line num="238" count="8" type="stmt"/>
        <line num="240" count="1" type="stmt"/>
        <line num="244" count="8" type="stmt"/>
        <line num="245" count="8" type="stmt"/>
        <line num="249" count="8" type="stmt"/>
        <line num="250" count="101" type="cond" truecount="1" falsecount="1"/>
        <line num="251" count="101" type="stmt"/>
        <line num="252" count="101" type="stmt"/>
        <line num="254" count="101" type="stmt"/>
        <line num="262" count="8" type="stmt"/>
        <line num="269" count="14" type="stmt"/>
        <line num="274" count="8" type="stmt"/>
        <line num="278" count="8" type="stmt"/>
      </file>
    </package>
    <package name="src.app-data">
      <metrics statements="5" coveredstatements="5" conditionals="0" coveredconditionals="0" methods="0" coveredmethods="0"/>
      <file name="all-standardization-tables.js" path="C:\Users\Marcin\Documents\MARCIN\WebDev\Projekty\ASRS-App\ASRS-App\src\app-data\all-standardization-tables.js">
        <metrics statements="1" coveredstatements="1" conditionals="0" coveredconditionals="0" methods="0" coveredmethods="0"/>
        <line num="24" count="2" type="stmt"/>
      </file>
      <file name="classification-table.js" path="C:\Users\Marcin\Documents\MARCIN\WebDev\Projekty\ASRS-App\ASRS-App\src\app-data\classification-table.js">
        <metrics statements="2" coveredstatements="2" conditionals="0" coveredconditionals="0" methods="0" coveredmethods="0"/>
        <line num="6" count="2" type="stmt"/>
        <line num="43" count="2" type="stmt"/>
      </file>
      <file name="test-solver-data.js" path="C:\Users\Marcin\Documents\MARCIN\WebDev\Projekty\ASRS-App\ASRS-App\src\app-data\test-solver-data.js">
        <metrics statements="2" coveredstatements="2" conditionals="0" coveredconditionals="0" methods="0" coveredmethods="0"/>
        <line num="4" count="2" type="stmt"/>
        <line num="16" count="2" type="stmt"/>
      </file>
    </package>
  </project>
</coverage>
