<?xml version="1.0" encoding="UTF-8"?>
<coverage generated="1624743335893" clover="3.2.0">
  <project timestamp="1624743335894" name="All files">
    <metrics statements="39" coveredstatements="39" conditionals="14" coveredconditionals="14" methods="7" coveredmethods="7" elements="60" coveredelements="60" complexity="0" loc="39" ncloc="39" packages="1" files="1" classes="1"/>
    <file name="RangesArray.js" path="C:\Users\Marcin\Documents\MARCIN\WebDev\Projekty\ASRS-App\ASRS-App\src\developOnly\DataPreparation\RangesArray.js">
      <metrics statements="39" coveredstatements="39" conditionals="14" coveredconditionals="14" methods="7" coveredmethods="7"/>
      <line num="8" count="1" type="cond" truecount="1" falsecount="0"/>
      <line num="9" count="4" type="stmt"/>
      <line num="10" count="4" type="stmt"/>
      <line num="11" count="40" type="stmt"/>
      <line num="13" count="40" type="cond" truecount="2" falsecount="0"/>
      <line num="14" count="44" type="stmt"/>
      <line num="15" count="22" type="stmt"/>
      <line num="17" count="18" type="stmt"/>
      <line num="20" count="4" type="stmt"/>
      <line num="27" count="1" type="stmt"/>
      <line num="28" count="6" type="stmt"/>
      <line num="30" count="6" type="stmt"/>
      <line num="31" count="23" type="stmt"/>
      <line num="32" count="20" type="stmt"/>
      <line num="35" count="3" type="stmt"/>
      <line num="42" count="1" type="stmt"/>
      <line num="43" count="23" type="stmt"/>
      <line num="45" count="23" type="stmt"/>
      <line num="46" count="23" type="cond" truecount="2" falsecount="0"/>
      <line num="47" count="33" type="stmt"/>
      <line num="48" count="21" type="stmt"/>
      <line num="50" count="21" type="cond" truecount="2" falsecount="0"/>
      <line num="51" count="1" type="stmt"/>
      <line num="54" count="20" type="stmt"/>
      <line num="55" count="43" type="stmt"/>
      <line num="56" count="43" type="stmt"/>
      <line num="60" count="2" type="stmt"/>
      <line num="62" count="20" type="stmt"/>
      <line num="72" count="1" type="cond" truecount="1" falsecount="0"/>
      <line num="74" count="4" type="stmt"/>
      <line num="75" count="4" type="cond" truecount="2" falsecount="0"/>
      <line num="76" count="3" type="stmt"/>
      <line num="79" count="4" type="cond" truecount="2" falsecount="0"/>
      <line num="80" count="2" type="stmt"/>
      <line num="81" count="2" type="stmt"/>
      <line num="83" count="2" type="cond" truecount="2" falsecount="0"/>
      <line num="84" count="1" type="stmt"/>
      <line num="85" count="1" type="stmt"/>
      <line num="88" count="1" type="stmt"/>
    </file>
  </project>
</coverage>
