{"C:\\Users\\Marcin\\Documents\\MARCIN\\WebDev\\Projekty\\ASRS-App\\ASRS-App\\src\\TestSolver.js": {"path":"C:\\Users\\Marcin\\Documents\\MARCIN\\WebDev\\Projekty\\ASRS-App\\ASRS-App\\src\\TestSolver.js","statementMap":{"0":{"start":{"line":48,"column":4},"end":{"line":48,"column":33}},"1":{"start":{"line":49,"column":4},"end":{"line":49,"column":77}},"2":{"start":{"line":51,"column":4},"end":{"line":51,"column":61}},"3":{"start":{"line":52,"column":4},"end":{"line":52,"column":54}},"4":{"start":{"line":55,"column":4},"end":{"line":55,"column":23}},"5":{"start":{"line":56,"column":4},"end":{"line":56,"column":36}},"6":{"start":{"line":57,"column":4},"end":{"line":57,"column":27}},"7":{"start":{"line":58,"column":4},"end":{"line":58,"column":30}},"8":{"start":{"line":65,"column":18},"end":{"line":65,"column":21}},"9":{"start":{"line":68,"column":4},"end":{"line":68,"column":29}},"10":{"start":{"line":72,"column":4},"end":{"line":72,"column":32}},"11":{"start":{"line":73,"column":16},"end":{"line":73,"column":17}},"12":{"start":{"line":74,"column":28},"end":{"line":74,"column":68}},"13":{"start":{"line":76,"column":19},"end":{"line":76,"column":20}},"14":{"start":{"line":77,"column":4},"end":{"line":84,"column":5}},"15":{"start":{"line":77,"column":17},"end":{"line":77,"column":18}},"16":{"start":{"line":78,"column":25},"end":{"line":78,"column":40}},"17":{"start":{"line":79,"column":20},"end":{"line":79,"column":48}},"18":{"start":{"line":80,"column":23},"end":{"line":80,"column":50}},"19":{"start":{"line":81,"column":19},"end":{"line":81,"column":33}},"20":{"start":{"line":83,"column":6},"end":{"line":83,"column":44}},"21":{"start":{"line":85,"column":4},"end":{"line":85,"column":19}},"22":{"start":{"line":91,"column":21},"end":{"line":91,"column":46}},"23":{"start":{"line":92,"column":29},"end":{"line":92,"column":61}},"24":{"start":{"line":94,"column":4},"end":{"line":94,"column":36}},"25":{"start":{"line":96,"column":4},"end":{"line":100,"column":5}},"26":{"start":{"line":97,"column":27},"end":{"line":97,"column":48}},"27":{"start":{"line":98,"column":26},"end":{"line":98,"column":53}},"28":{"start":{"line":99,"column":6},"end":{"line":99,"column":44}},"29":{"start":{"line":113,"column":26},"end":{"line":118,"column":3}},"30":{"start":{"line":120,"column":21},"end":{"line":120,"column":46}},"31":{"start":{"line":121,"column":26},"end":{"line":121,"column":56}},"32":{"start":{"line":123,"column":4},"end":{"line":123,"column":84}},"33":{"start":{"line":126,"column":4},"end":{"line":126,"column":38}},"34":{"start":{"line":129,"column":25},"end":{"line":132,"column":3}},"35":{"start":{"line":134,"column":4},"end":{"line":134,"column":53}},"36":{"start":{"line":137,"column":4},"end":{"line":137,"column":37}},"37":{"start":{"line":143,"column":28},"end":{"line":143,"column":31}},"38":{"start":{"line":145,"column":4},"end":{"line":145,"column":40}},"39":{"start":{"line":161,"column":16},"end":{"line":161,"column":17}},"40":{"start":{"line":162,"column":4},"end":{"line":174,"column":5}},"41":{"start":{"line":162,"column":17},"end":{"line":162,"column":18}},"42":{"start":{"line":163,"column":27},"end":{"line":163,"column":48}},"43":{"start":{"line":164,"column":6},"end":{"line":166,"column":7}},"44":{"start":{"line":165,"column":8},"end":{"line":165,"column":17}},"45":{"start":{"line":168,"column":6},"end":{"line":173,"column":7}},"46":{"start":{"line":169,"column":8},"end":{"line":169,"column":14}},"47":{"start":{"line":172,"column":8},"end":{"line":172,"column":18}},"48":{"start":{"line":175,"column":4},"end":{"line":175,"column":36}},"49":{"start":{"line":186,"column":26},"end":{"line":186,"column":69}},"50":{"start":{"line":187,"column":22},"end":{"line":187,"column":51}},"51":{"start":{"line":188,"column":30},"end":{"line":188,"column":104}},"52":{"start":{"line":190,"column":4},"end":{"line":190,"column":28}},"53":{"start":{"line":198,"column":4},"end":{"line":202,"column":5}},"54":{"start":{"line":199,"column":6},"end":{"line":201,"column":7}},"55":{"start":{"line":200,"column":8},"end":{"line":200,"column":100}},"56":{"start":{"line":208,"column":4},"end":{"line":210,"column":5}},"57":{"start":{"line":209,"column":6},"end":{"line":209,"column":85}},"58":{"start":{"line":212,"column":21},"end":{"line":212,"column":46}},"59":{"start":{"line":213,"column":19},"end":{"line":213,"column":28}},"60":{"start":{"line":214,"column":4},"end":{"line":218,"column":5}},"61":{"start":{"line":215,"column":6},"end":{"line":215,"column":30}},"62":{"start":{"line":217,"column":6},"end":{"line":217,"column":36}},"63":{"start":{"line":220,"column":13},"end":{"line":220,"column":14}},"64":{"start":{"line":223,"column":4},"end":{"line":226,"column":5}},"65":{"start":{"line":223,"column":17},"end":{"line":223,"column":18}},"66":{"start":{"line":225,"column":6},"end":{"line":225,"column":53}},"67":{"start":{"line":228,"column":4},"end":{"line":228,"column":34}},"68":{"start":{"line":229,"column":4},"end":{"line":229,"column":38}},"69":{"start":{"line":231,"column":4},"end":{"line":231,"column":77}},"70":{"start":{"line":232,"column":4},"end":{"line":232,"column":48}},"71":{"start":{"line":238,"column":30},"end":{"line":238,"column":32}},"72":{"start":{"line":240,"column":4},"end":{"line":240,"column":42}},"73":{"start":{"line":244,"column":35},"end":{"line":244,"column":62}},"74":{"start":{"line":245,"column":37},"end":{"line":245,"column":39}},"75":{"start":{"line":249,"column":4},"end":{"line":256,"column":5}},"76":{"start":{"line":250,"column":6},"end":{"line":255,"column":7}},"77":{"start":{"line":251,"column":35},"end":{"line":251,"column":68}},"78":{"start":{"line":252,"column":31},"end":{"line":252,"column":153}},"79":{"start":{"line":254,"column":8},"end":{"line":254,"column":67}},"80":{"start":{"line":262,"column":16},"end":{"line":267,"column":3}},"81":{"start":{"line":269,"column":4},"end":{"line":269,"column":28}},"82":{"start":{"line":274,"column":13},"end":{"line":274,"column":20}},"83":{"start":{"line":278,"column":22},"end":{"line":278,"column":40}}},"fnMap":{"0":{"name":"(anonymous_0)","decl":{"start":{"line":36,"column":2},"end":{"line":36,"column":3}},"loc":{"start":{"line":36,"column":82},"end":{"line":60,"column":3}},"line":36},"1":{"name":"(anonymous_1)","decl":{"start":{"line":67,"column":2},"end":{"line":67,"column":3}},"loc":{"start":{"line":67,"column":21},"end":{"line":69,"column":3}},"line":67},"2":{"name":"(anonymous_2)","decl":{"start":{"line":71,"column":2},"end":{"line":71,"column":3}},"loc":{"start":{"line":71,"column":25},"end":{"line":86,"column":3}},"line":71},"3":{"name":"(anonymous_3)","decl":{"start":{"line":90,"column":2},"end":{"line":90,"column":3}},"loc":{"start":{"line":90,"column":16},"end":{"line":102,"column":3}},"line":90},"4":{"name":"(anonymous_4)","decl":{"start":{"line":119,"column":2},"end":{"line":119,"column":3}},"loc":{"start":{"line":119,"column":54},"end":{"line":124,"column":3}},"line":119},"5":{"name":"(anonymous_5)","decl":{"start":{"line":125,"column":2},"end":{"line":125,"column":3}},"loc":{"start":{"line":125,"column":29},"end":{"line":127,"column":3}},"line":125},"6":{"name":"(anonymous_6)","decl":{"start":{"line":133,"column":2},"end":{"line":133,"column":3}},"loc":{"start":{"line":133,"column":47},"end":{"line":135,"column":3}},"line":133},"7":{"name":"(anonymous_7)","decl":{"start":{"line":136,"column":2},"end":{"line":136,"column":3}},"loc":{"start":{"line":136,"column":28},"end":{"line":138,"column":3}},"line":136},"8":{"name":"(anonymous_8)","decl":{"start":{"line":144,"column":2},"end":{"line":144,"column":3}},"loc":{"start":{"line":144,"column":31},"end":{"line":146,"column":3}},"line":144},"9":{"name":"(anonymous_9)","decl":{"start":{"line":160,"column":2},"end":{"line":160,"column":3}},"loc":{"start":{"line":160,"column":81},"end":{"line":176,"column":3}},"line":160},"10":{"name":"(anonymous_10)","decl":{"start":{"line":182,"column":2},"end":{"line":182,"column":3}},"loc":{"start":{"line":182,"column":51},"end":{"line":191,"column":3}},"line":182},"11":{"name":"(anonymous_11)","decl":{"start":{"line":192,"column":2},"end":{"line":192,"column":3}},"loc":{"start":{"line":192,"column":29},"end":{"line":205,"column":3}},"line":192},"12":{"name":"(anonymous_12)","decl":{"start":{"line":206,"column":2},"end":{"line":206,"column":3}},"loc":{"start":{"line":206,"column":20},"end":{"line":233,"column":3}},"line":206},"13":{"name":"(anonymous_13)","decl":{"start":{"line":239,"column":2},"end":{"line":239,"column":3}},"loc":{"start":{"line":239,"column":33},"end":{"line":241,"column":3}},"line":239},"14":{"name":"(anonymous_14)","decl":{"start":{"line":243,"column":2},"end":{"line":243,"column":3}},"loc":{"start":{"line":243,"column":23},"end":{"line":257,"column":3}},"line":243},"15":{"name":"(anonymous_15)","decl":{"start":{"line":268,"column":2},"end":{"line":268,"column":3}},"loc":{"start":{"line":268,"column":19},"end":{"line":270,"column":3}},"line":268}},"branchMap":{"0":{"loc":{"start":{"line":164,"column":6},"end":{"line":166,"column":7}},"type":"if","locations":[{"start":{"line":164,"column":6},"end":{"line":166,"column":7}},{"start":{"line":164,"column":6},"end":{"line":166,"column":7}}],"line":164},"1":{"loc":{"start":{"line":168,"column":6},"end":{"line":173,"column":7}},"type":"if","locations":[{"start":{"line":168,"column":6},"end":{"line":173,"column":7}},{"start":{"line":168,"column":6},"end":{"line":173,"column":7}}],"line":168},"2":{"loc":{"start":{"line":199,"column":6},"end":{"line":201,"column":7}},"type":"if","locations":[{"start":{"line":199,"column":6},"end":{"line":201,"column":7}},{"start":{"line":199,"column":6},"end":{"line":201,"column":7}}],"line":199},"3":{"loc":{"start":{"line":208,"column":4},"end":{"line":210,"column":5}},"type":"if","locations":[{"start":{"line":208,"column":4},"end":{"line":210,"column":5}},{"start":{"line":208,"column":4},"end":{"line":210,"column":5}}],"line":208},"4":{"loc":{"start":{"line":214,"column":4},"end":{"line":218,"column":5}},"type":"if","locations":[{"start":{"line":214,"column":4},"end":{"line":218,"column":5}},{"start":{"line":214,"column":4},"end":{"line":218,"column":5}}],"line":214},"5":{"loc":{"start":{"line":250,"column":6},"end":{"line":255,"column":7}},"type":"if","locations":[{"start":{"line":250,"column":6},"end":{"line":255,"column":7}},{"start":{"line":250,"column":6},"end":{"line":255,"column":7}}],"line":250}},"s":{"0":13,"1":13,"2":13,"3":13,"4":13,"5":13,"6":13,"7":13,"8":13,"9":6,"10":152,"11":152,"12":152,"13":152,"14":152,"15":152,"16":2058,"17":2058,"18":2058,"19":2058,"20":2058,"21":152,"22":13,"23":13,"24":13,"25":13,"26":152,"27":152,"28":152,"29":13,"30":13,"31":13,"32":13,"33":330,"34":13,"35":13,"36":330,"37":13,"38":19,"39":330,"40":330,"41":330,"42":2976,"43":2976,"44":890,"45":2086,"46":330,"47":1756,"48":330,"49":165,"50":165,"51":165,"52":165,"53":13,"54":152,"55":152,"56":13,"57":0,"58":13,"59":13,"60":13,"61":4,"62":9,"63":13,"64":13,"65":13,"66":35,"67":13,"68":13,"69":13,"70":13,"71":13,"72":6,"73":13,"74":13,"75":13,"76":165,"77":165,"78":165,"79":165,"80":13,"81":14,"82":13,"83":13},"f":{"0":13,"1":6,"2":152,"3":13,"4":13,"5":330,"6":13,"7":330,"8":19,"9":330,"10":165,"11":13,"12":13,"13":6,"14":13,"15":14},"b":{"0":[890,2086],"1":[330,1756],"2":[152,0],"3":[0,13],"4":[4,9],"5":[165,0]},"inputSourceMap":null,"_coverageSchema":"1a1c01bbd47fc00a2c39e90264f33305004495a9","hash":"a5b1a6689df5892985c5a294a52b67cac15ee975"}
,"C:\\Users\\Marcin\\Documents\\MARCIN\\WebDev\\Projekty\\ASRS-App\\ASRS-App\\src\\app-data\\all-standardization-tables.js": {"path":"C:\\Users\\Marcin\\Documents\\MARCIN\\WebDev\\Projekty\\ASRS-App\\ASRS-App\\src\\app-data\\all-standardization-tables.js","statementMap":{"0":{"start":{"line":24,"column":35},"end":{"line":143,"column":1}}},"fnMap":{},"branchMap":{},"s":{"0":2},"f":{},"b":{},"inputSourceMap":null,"_coverageSchema":"1a1c01bbd47fc00a2c39e90264f33305004495a9","hash":"5488fd46dc75785a38996d29c95b7e8eeddf53f6"}
,"C:\\Users\\Marcin\\Documents\\MARCIN\\WebDev\\Projekty\\ASRS-App\\ASRS-App\\src\\app-data\\classification-table.js": {"path":"C:\\Users\\Marcin\\Documents\\MARCIN\\WebDev\\Projekty\\ASRS-App\\ASRS-App\\src\\app-data\\classification-table.js","statementMap":{"0":{"start":{"line":6,"column":35},"end":{"line":37,"column":1}},"1":{"start":{"line":43,"column":29},"end":{"line":46,"column":1}}},"fnMap":{},"branchMap":{},"s":{"0":2,"1":2},"f":{},"b":{},"inputSourceMap":null,"_coverageSchema":"1a1c01bbd47fc00a2c39e90264f33305004495a9","hash":"2ccdeb78bd63a9884a3da35bec006cc0612812d8"}
,"C:\\Users\\Marcin\\Documents\\MARCIN\\WebDev\\Projekty\\ASRS-App\\ASRS-App\\src\\app-data\\test-solver-data.js": {"path":"C:\\Users\\Marcin\\Documents\\MARCIN\\WebDev\\Projekty\\ASRS-App\\ASRS-App\\src\\app-data\\test-solver-data.js","statementMap":{"0":{"start":{"line":4,"column":16},"end":{"line":15,"column":1}},"1":{"start":{"line":16,"column":27},"end":{"line":44,"column":1}}},"fnMap":{},"branchMap":{},"s":{"0":2,"1":2},"f":{},"b":{},"inputSourceMap":null,"_coverageSchema":"1a1c01bbd47fc00a2c39e90264f33305004495a9","hash":"cb04248d8fb1908ef8b86b7e6ea9ace4b4861927"}
}
