{"C:\\Users\\Marcin\\Documents\\MARCIN\\WebDev\\Projekty\\ASRS-App\\ASRS-App\\src\\developOnly\\DataPreparation\\RangesArray.js": {"path":"C:\\Users\\Marcin\\Documents\\MARCIN\\WebDev\\Projekty\\ASRS-App\\ASRS-App\\src\\developOnly\\DataPreparation\\RangesArray.js","statementMap":{"0":{"start":{"line":8,"column":14},"end":{"line":21,"column":1}},"1":{"start":{"line":9,"column":24},"end":{"line":9,"column":53}},"2":{"start":{"line":10,"column":2},"end":{"line":19,"column":3}},"3":{"start":{"line":10,"column":15},"end":{"line":10,"column":16}},"4":{"start":{"line":11,"column":16},"end":{"line":11,"column":30}},"5":{"start":{"line":13,"column":4},"end":{"line":18,"column":5}},"6":{"start":{"line":14,"column":19},"end":{"line":14,"column":67}},"7":{"start":{"line":14,"column":49},"end":{"line":14,"column":66}},"8":{"start":{"line":15,"column":6},"end":{"line":15,"column":40}},"9":{"start":{"line":17,"column":6},"end":{"line":17,"column":62}},"10":{"start":{"line":20,"column":2},"end":{"line":20,"column":23}},"11":{"start":{"line":27,"column":17},"end":{"line":36,"column":1}},"12":{"start":{"line":28,"column":19},"end":{"line":28,"column":21}},"13":{"start":{"line":30,"column":2},"end":{"line":33,"column":5}},"14":{"start":{"line":31,"column":20},"end":{"line":31,"column":43}},"15":{"start":{"line":32,"column":4},"end":{"line":32,"column":30}},"16":{"start":{"line":35,"column":2},"end":{"line":35,"column":18}},"17":{"start":{"line":42,"column":19},"end":{"line":63,"column":1}},"18":{"start":{"line":43,"column":16},"end":{"line":43,"column":18}},"19":{"start":{"line":45,"column":16},"end":{"line":45,"column":38}},"20":{"start":{"line":46,"column":2},"end":{"line":61,"column":3}},"21":{"start":{"line":47,"column":21},"end":{"line":47,"column":60}},"22":{"start":{"line":47,"column":43},"end":{"line":47,"column":59}},"23":{"start":{"line":48,"column":16},"end":{"line":48,"column":35}},"24":{"start":{"line":50,"column":4},"end":{"line":52,"column":5}},"25":{"start":{"line":51,"column":6},"end":{"line":51,"column":80}},"26":{"start":{"line":54,"column":4},"end":{"line":57,"column":5}},"27":{"start":{"line":54,"column":17},"end":{"line":54,"column":28}},"28":{"start":{"line":55,"column":20},"end":{"line":55,"column":21}},"29":{"start":{"line":56,"column":6},"end":{"line":56,"column":26}},"30":{"start":{"line":60,"column":4},"end":{"line":60,"column":60}},"31":{"start":{"line":62,"column":2},"end":{"line":62,"column":17}},"32":{"start":{"line":72,"column":18},"end":{"line":90,"column":1}},"33":{"start":{"line":74,"column":15},"end":{"line":74,"column":17}},"34":{"start":{"line":75,"column":2},"end":{"line":77,"column":3}},"35":{"start":{"line":76,"column":4},"end":{"line":76,"column":34}},"36":{"start":{"line":79,"column":2},"end":{"line":89,"column":3}},"37":{"start":{"line":80,"column":19},"end":{"line":80,"column":55}},"38":{"start":{"line":81,"column":4},"end":{"line":81,"column":17}},"39":{"start":{"line":83,"column":7},"end":{"line":89,"column":3}},"40":{"start":{"line":84,"column":19},"end":{"line":84,"column":51}},"41":{"start":{"line":85,"column":4},"end":{"line":85,"column":17}},"42":{"start":{"line":88,"column":4},"end":{"line":88,"column":78}}},"fnMap":{"0":{"name":"(anonymous_0)","decl":{"start":{"line":8,"column":14},"end":{"line":8,"column":15}},"loc":{"start":{"line":8,"column":49},"end":{"line":21,"column":1}},"line":8},"1":{"name":"(anonymous_1)","decl":{"start":{"line":14,"column":40},"end":{"line":14,"column":41}},"loc":{"start":{"line":14,"column":49},"end":{"line":14,"column":66}},"line":14},"2":{"name":"(anonymous_2)","decl":{"start":{"line":27,"column":17},"end":{"line":27,"column":18}},"loc":{"start":{"line":27,"column":40},"end":{"line":36,"column":1}},"line":27},"3":{"name":"(anonymous_3)","decl":{"start":{"line":30,"column":23},"end":{"line":30,"column":24}},"loc":{"start":{"line":30,"column":40},"end":{"line":33,"column":3}},"line":30},"4":{"name":"(anonymous_4)","decl":{"start":{"line":42,"column":19},"end":{"line":42,"column":20}},"loc":{"start":{"line":42,"column":42},"end":{"line":63,"column":1}},"line":42},"5":{"name":"(anonymous_5)","decl":{"start":{"line":47,"column":31},"end":{"line":47,"column":32}},"loc":{"start":{"line":47,"column":43},"end":{"line":47,"column":59}},"line":47},"6":{"name":"(anonymous_6)","decl":{"start":{"line":72,"column":18},"end":{"line":72,"column":19}},"loc":{"start":{"line":72,"column":56},"end":{"line":90,"column":1}},"line":72}},"branchMap":{"0":{"loc":{"start":{"line":8,"column":37},"end":{"line":8,"column":47}},"type":"default-arg","locations":[{"start":{"line":8,"column":45},"end":{"line":8,"column":47}}],"line":8},"1":{"loc":{"start":{"line":13,"column":4},"end":{"line":18,"column":5}},"type":"if","locations":[{"start":{"line":13,"column":4},"end":{"line":18,"column":5}},{"start":{"line":13,"column":4},"end":{"line":18,"column":5}}],"line":13},"2":{"loc":{"start":{"line":46,"column":2},"end":{"line":61,"column":3}},"type":"if","locations":[{"start":{"line":46,"column":2},"end":{"line":61,"column":3}},{"start":{"line":46,"column":2},"end":{"line":61,"column":3}}],"line":46},"3":{"loc":{"start":{"line":50,"column":4},"end":{"line":52,"column":5}},"type":"if","locations":[{"start":{"line":50,"column":4},"end":{"line":52,"column":5}},{"start":{"line":50,"column":4},"end":{"line":52,"column":5}}],"line":50},"4":{"loc":{"start":{"line":72,"column":34},"end":{"line":72,"column":54}},"type":"default-arg","locations":[{"start":{"line":72,"column":50},"end":{"line":72,"column":54}}],"line":72},"5":{"loc":{"start":{"line":75,"column":2},"end":{"line":77,"column":3}},"type":"if","locations":[{"start":{"line":75,"column":2},"end":{"line":77,"column":3}},{"start":{"line":75,"column":2},"end":{"line":77,"column":3}}],"line":75},"6":{"loc":{"start":{"line":79,"column":2},"end":{"line":89,"column":3}},"type":"if","locations":[{"start":{"line":79,"column":2},"end":{"line":89,"column":3}},{"start":{"line":79,"column":2},"end":{"line":89,"column":3}}],"line":79},"7":{"loc":{"start":{"line":83,"column":7},"end":{"line":89,"column":3}},"type":"if","locations":[{"start":{"line":83,"column":7},"end":{"line":89,"column":3}},{"start":{"line":83,"column":7},"end":{"line":89,"column":3}}],"line":83}},"s":{"0":1,"1":4,"2":4,"3":4,"4":40,"5":40,"6":22,"7":44,"8":22,"9":18,"10":4,"11":1,"12":6,"13":6,"14":23,"15":20,"16":3,"17":1,"18":23,"19":23,"20":23,"21":21,"22":33,"23":21,"24":21,"25":1,"26":20,"27":20,"28":43,"29":43,"30":2,"31":20,"32":1,"33":4,"34":4,"35":3,"36":4,"37":2,"38":2,"39":2,"40":1,"41":1,"42":1},"f":{"0":4,"1":44,"2":6,"3":23,"4":23,"5":33,"6":4},"b":{"0":[4],"1":[22,18],"2":[21,2],"3":[1,20],"4":[3],"5":[3,1],"6":[2,2],"7":[1,1]},"inputSourceMap":null,"_coverageSchema":"1a1c01bbd47fc00a2c39e90264f33305004495a9","hash":"3792b0f1eabbd3f63d182a8ee84b49b9153239c8"}
}
