TN:
SF:src\TestSolver.js
FN:36,(anonymous_0)
FN:67,(anonymous_1)
FN:71,(anonymous_2)
FN:90,(anonymous_3)
FN:119,(anonymous_4)
FN:125,(anonymous_5)
FN:133,(anonymous_6)
FN:136,(anonymous_7)
FN:144,(anonymous_8)
FN:160,(anonymous_9)
FN:182,(anonymous_10)
FN:192,(anonymous_11)
FN:206,(anonymous_12)
FN:239,(anonymous_13)
FN:243,(anonymous_14)
FN:268,(anonymous_15)
FNF:16
FNH:16
FNDA:13,(anonymous_0)
FNDA:6,(anonymous_1)
FNDA:152,(anonymous_2)
FNDA:13,(anonymous_3)
FNDA:13,(anonymous_4)
FNDA:330,(anonymous_5)
FNDA:13,(anonymous_6)
FNDA:330,(anonymous_7)
FNDA:19,(anonymous_8)
FNDA:330,(anonymous_9)
FNDA:165,(anonymous_10)
FNDA:13,(anonymous_11)
FNDA:13,(anonymous_12)
FNDA:6,(anonymous_13)
FNDA:13,(anonymous_14)
FNDA:14,(anonymous_15)
DA:48,13
DA:49,13
DA:51,13
DA:52,13
DA:55,13
DA:56,13
DA:57,13
DA:58,13
DA:65,13
DA:68,6
DA:72,152
DA:73,152
DA:74,152
DA:76,152
DA:77,152
DA:78,2058
DA:79,2058
DA:80,2058
DA:81,2058
DA:83,2058
DA:85,152
DA:91,13
DA:92,13
DA:94,13
DA:96,13
DA:97,152
DA:98,152
DA:99,152
DA:113,13
DA:120,13
DA:121,13
DA:123,13
DA:126,330
DA:129,13
DA:134,13
DA:137,330
DA:143,13
DA:145,19
DA:161,330
DA:162,330
DA:163,2976
DA:164,2976
DA:165,890
DA:168,2086
DA:169,330
DA:172,1756
DA:175,330
DA:186,165
DA:187,165
DA:188,165
DA:190,165
DA:198,13
DA:199,152
DA:200,152
DA:208,13
DA:209,0
DA:212,13
DA:213,13
DA:214,13
DA:215,4
DA:217,9
DA:220,13
DA:223,13
DA:225,35
DA:228,13
DA:229,13
DA:231,13
DA:232,13
DA:238,13
DA:240,6
DA:244,13
DA:245,13
DA:249,13
DA:250,165
DA:251,165
DA:252,165
DA:254,165
DA:262,13
DA:269,14
DA:274,13
DA:278,13
LF:81
LH:80
BRDA:164,0,0,890
BRDA:164,0,1,2086
BRDA:168,1,0,330
BRDA:168,1,1,1756
BRDA:199,2,0,152
BRDA:199,2,1,0
BRDA:208,3,0,0
BRDA:208,3,1,13
BRDA:214,4,0,4
BRDA:214,4,1,9
BRDA:250,5,0,165
BRDA:250,5,1,0
BRF:12
BRH:9
end_of_record
TN:
SF:src\app-data\all-standardization-tables.js
FNF:0
FNH:0
DA:24,2
LF:1
LH:1
BRF:0
BRH:0
end_of_record
TN:
SF:src\app-data\classification-table.js
FNF:0
FNH:0
DA:6,2
DA:43,2
LF:2
LH:2
BRF:0
BRH:0
end_of_record
TN:
SF:src\app-data\test-solver-data.js
FNF:0
FNH:0
DA:4,2
DA:16,2
LF:2
LH:2
BRF:0
BRH:0
end_of_record
