TN:
SF:src\developOnly\DataPreparation\RangesArray.js
FN:8,(anonymous_0)
FN:14,(anonymous_1)
FN:27,(anonymous_2)
FN:30,(anonymous_3)
FN:42,(anonymous_4)
FN:47,(anonymous_5)
FN:72,(anonymous_6)
FNF:7
FNH:7
FNDA:4,(anonymous_0)
FNDA:44,(anonymous_1)
FNDA:6,(anonymous_2)
FNDA:23,(anonymous_3)
FNDA:23,(anonymous_4)
FNDA:33,(anonymous_5)
FNDA:4,(anonymous_6)
DA:8,1
DA:9,4
DA:10,4
DA:11,40
DA:13,40
DA:14,44
DA:15,22
DA:17,18
DA:20,4
DA:27,1
DA:28,6
DA:30,6
DA:31,23
DA:32,20
DA:35,3
DA:42,1
DA:43,23
DA:45,23
DA:46,23
DA:47,33
DA:48,21
DA:50,21
DA:51,1
DA:54,20
DA:55,43
DA:56,43
DA:60,2
DA:62,20
DA:72,1
DA:74,4
DA:75,4
DA:76,3
DA:79,4
DA:80,2
DA:81,2
DA:83,2
DA:84,1
DA:85,1
DA:88,1
LF:39
LH:39
BRDA:8,0,0,4
BRDA:13,1,0,22
BRDA:13,1,1,18
BRDA:46,2,0,21
BRDA:46,2,1,2
BRDA:50,3,0,1
BRDA:50,3,1,20
BRDA:72,4,0,3
BRDA:75,5,0,3
BRDA:75,5,1,1
BRDA:79,6,0,2
BRDA:79,6,1,2
BRDA:83,7,0,1
BRDA:83,7,1,1
BRF:14
BRH:14
end_of_record
